{"numTotalTestSuites":2,"numPassedTestSuites":2,"numFailedTestSuites":0,"numPendingTestSuites":0,"numTotalTests":10,"numPassedTests":10,"numFailedTests":0,"numPendingTests":0,"numTodoTests":0,"snapshot":{"added":0,"failure":false,"filesAdded":0,"filesRemoved":0,"filesRemovedList":[],"filesUnmatched":0,"filesUpdated":0,"matched":0,"total":0,"unchecked":0,"uncheckedKeysByFile":[],"unmatched":0,"updated":0,"didUpdate":false},"startTime":1760922683524,"success":true,"testResults":[{"assertionResults":[{"ancestorTitles":["S31O5 Arbitrage Full Flow"],"fullName":"S31O5 Arbitrage Full Flow validates S31O5 sell side matches UI","status":"passed","title":"validates S31O5 sell side matches UI","duration":6.139499999999771,"failureMessages":[],"meta":{}},{"ancestorTitles":["S31O5 Arbitrage Full Flow"],"fullName":"S31O5 Arbitrage Full Flow validates S31O5 buy side matches UI","status":"passed","title":"validates S31O5 buy side matches UI","duration":0.6365999999998166,"failureMessages":[],"meta":{}},{"ancestorTitles":["S31O5 Arbitrage Full Flow"],"fullName":"S31O5 Arbitrage Full Flow validates table row exists for S31O5 VentaCI_Compra24h","status":"passed","title":"validates table row exists for S31O5 VentaCI_Compra24h","duration":0.3593999999998232,"failureMessages":[],"meta":{}},{"ancestorTitles":["S31O5 Arbitrage Full Flow"],"fullName":"S31O5 Arbitrage Full Flow validates S31O5 fees","status":"passed","title":"validates S31O5 fees","duration":0.16849999999976717,"failureMessages":[],"meta":{}},{"ancestorTitles":["S31O5 Arbitrage Full Flow"],"fullName":"S31O5 Arbitrage Full Flow validates proportional fees when quantities are unbalanced","status":"passed","title":"validates proportional fees when quantities are unbalanced","duration":30.745499999999993,"failureMessages":[],"meta":{}},{"ancestorTitles":["S31O5 Arbitrage Full Flow"],"fullName":"S31O5 Arbitrage Full Flow validates matched quantity equals UI matched nominals","status":"passed","title":"validates matched quantity equals UI matched nominals","duration":1.011700000000019,"failureMessages":[],"meta":{}},{"ancestorTitles":["S31O5 Arbitrage Full Flow"],"fullName":"S31O5 Arbitrage Full Flow validates trade P&L matches UI spread","status":"passed","title":"validates trade P&L matches UI spread","duration":0.34760000000005675,"failureMessages":[],"meta":{}},{"ancestorTitles":["S31O5 Arbitrage Full Flow"],"fullName":"S31O5 Arbitrage Full Flow validates caución interest matches UI","status":"passed","title":"validates caución interest matches UI","duration":0.17509999999992942,"failureMessages":[],"meta":{}},{"ancestorTitles":["S31O5 Arbitrage Full Flow"],"fullName":"S31O5 Arbitrage Full Flow validates total profit matches UI","status":"passed","title":"validates total profit matches UI","duration":0.4000999999998385,"failureMessages":[],"meta":{}},{"ancestorTitles":["S31O5 Arbitrage Full Flow"],"fullName":"S31O5 Arbitrage Full Flow ensures caucion monto calculation stays finite","status":"passed","title":"ensures caucion monto calculation stays finite","duration":0.24589999999989232,"failureMessages":[],"meta":{}}],"startTime":1760922686868,"endTime":1760922686909.2458,"status":"passed","message":"","name":"C:/git/procesador-opciones/frontend/tests/integration/arbitrage-s31o5-full-flow.spec.js"}]}