{"numTotalTestSuites":18,"numPassedTestSuites":18,"numFailedTestSuites":0,"numPendingTestSuites":0,"numTotalTests":41,"numPassedTests":41,"numFailedTests":0,"numPendingTests":0,"numTodoTests":0,"snapshot":{"added":0,"failure":false,"filesAdded":0,"filesRemoved":0,"filesRemovedList":[],"filesUnmatched":0,"filesUpdated":0,"matched":0,"total":0,"unchecked":0,"uncheckedKeysByFile":[],"unmatched":0,"updated":0,"didUpdate":false},"startTime":1761264563616,"success":true,"testResults":[{"assertionResults":[{"ancestorTitles":["Processing Pipeline - Data Source Decoupling","CSV Data Source"],"fullName":"Processing Pipeline - Data Source Decoupling CSV Data Source processes GGAL PUTS CSV file using CsvDataSource adapter","status":"passed","title":"processes GGAL PUTS CSV file using CsvDataSource adapter","duration":401.2572,"failureMessages":[],"meta":{}},{"ancestorTitles":["Processing Pipeline - Data Source Decoupling","CSV Data Source"],"fullName":"Processing Pipeline - Data Source Decoupling CSV Data Source processes Partial-Filled GGAL PUTS with averaging","status":"passed","title":"processes Partial-Filled GGAL PUTS with averaging","duration":230.67150000000038,"failureMessages":[],"meta":{}},{"ancestorTitles":["Processing Pipeline - Data Source Decoupling","CSV Data Source"],"fullName":"Processing Pipeline - Data Source Decoupling CSV Data Source processes Arbitraje Plazos CSV file","status":"passed","title":"processes Arbitraje Plazos CSV file","duration":551.1803,"failureMessages":[],"meta":{}},{"ancestorTitles":["Processing Pipeline - Data Source Decoupling","Backward Compatibility"],"fullName":"Processing Pipeline - Data Source Decoupling Backward Compatibility still works with file parameter without dataSource (legacy mode)","status":"passed","title":"still works with file parameter without dataSource (legacy mode)","duration":66.40309999999954,"failureMessages":[],"meta":{}},{"ancestorTitles":["Processing Pipeline - Data Source Decoupling","Backward Compatibility"],"fullName":"Processing Pipeline - Data Source Decoupling Backward Compatibility still works with rows array parameter","status":"passed","title":"still works with rows array parameter","duration":38.76559999999881,"failureMessages":[],"meta":{}},{"ancestorTitles":["Processing Pipeline - Data Source Decoupling","JSON Data Source"],"fullName":"Processing Pipeline - Data Source Decoupling JSON Data Source processes broker JSON response format","status":"passed","title":"processes broker JSON response format","duration":10.6833000000006,"failureMessages":[],"meta":{}},{"ancestorTitles":["Processing Pipeline - Data Source Decoupling","JSON Data Source"],"fullName":"Processing Pipeline - Data Source Decoupling JSON Data Source handles JSON string input","status":"passed","title":"handles JSON string input","duration":43.13140000000021,"failureMessages":[],"meta":{}},{"ancestorTitles":["Processing Pipeline - Data Source Decoupling","JSON Data Source"],"fullName":"Processing Pipeline - Data Source Decoupling JSON Data Source throws error for invalid JSON","status":"passed","title":"throws error for invalid JSON","duration":3.1977999999999156,"failureMessages":[],"meta":{}},{"ancestorTitles":["Processing Pipeline - Data Source Decoupling","Mock Data Source"],"fullName":"Processing Pipeline - Data Source Decoupling Mock Data Source uses mock rows for testing","status":"passed","title":"uses mock rows for testing","duration":14.988800000000992,"failureMessages":[],"meta":{}},{"ancestorTitles":["Processing Pipeline - Data Source Decoupling","Mock Data Source"],"fullName":"Processing Pipeline - Data Source Decoupling Mock Data Source allows dynamic mock data via input parameter","status":"passed","title":"allows dynamic mock data via input parameter","duration":16.609999999998763,"failureMessages":[],"meta":{}},{"ancestorTitles":["Processing Pipeline - Data Source Decoupling","Error Handling"],"fullName":"Processing Pipeline - Data Source Decoupling Error Handling throws error when dataSource parse fails","status":"passed","title":"throws error when dataSource parse fails","duration":0.9485999999997148,"failureMessages":[],"meta":{}},{"ancestorTitles":["Processing Pipeline - Data Source Decoupling","Error Handling"],"fullName":"Processing Pipeline - Data Source Decoupling Error Handling throws error when no input provided","status":"passed","title":"throws error when no input provided","duration":0.7613000000001193,"failureMessages":[],"meta":{}},{"ancestorTitles":["Processing Pipeline - Data Source Decoupling","Integration with Consolidation"],"fullName":"Processing Pipeline - Data Source Decoupling Integration with Consolidation consolidates operations from CSV data source correctly","status":"passed","title":"consolidates operations from CSV data source correctly","duration":30.28230000000076,"failureMessages":[],"meta":{}},{"ancestorTitles":["Processing Pipeline - Data Source Decoupling","Performance and Metadata"],"fullName":"Processing Pipeline - Data Source Decoupling Performance and Metadata includes metadata from CSV data source","status":"passed","title":"includes metadata from CSV data source","duration":27.844900000000052,"failureMessages":[],"meta":{}},{"ancestorTitles":["Processing Pipeline - Data Source Decoupling","Performance and Metadata"],"fullName":"Processing Pipeline - Data Source Decoupling Performance and Metadata includes metadata from JSON data source","status":"passed","title":"includes metadata from JSON data source","duration":2.7031000000006316,"failureMessages":[],"meta":{}}],"startTime":1761264571939,"endTime":1761264573382.7031,"status":"passed","message":"","name":"C:/git/procesador-opciones-2/frontend/tests/integration/processing-pipeline.spec.js"},{"assertionResults":[{"ancestorTitles":["Processor flow integration - GGAL PUTs fixture"],"fullName":"Processor flow integration - GGAL PUTs fixture detects PUT operations listed in the GGAL fixture","status":"passed","title":"detects PUT operations listed in the GGAL fixture","duration":4277.3499999999985,"failureMessages":[],"meta":{}}],"startTime":1761264597578,"endTime":1761264601855.35,"status":"passed","message":"","name":"C:/git/procesador-opciones-2/frontend/tests/integration/processor-puts.spec.jsx"},{"assertionResults":[{"ancestorTitles":["Data Source Adapters","DataSourceAdapter (Base Class)"],"fullName":"Data Source Adapters DataSourceAdapter (Base Class) throws error when parse is not implemented","status":"passed","title":"throws error when parse is not implemented","duration":8.34729999999945,"failureMessages":[],"meta":{}},{"ancestorTitles":["Data Source Adapters","DataSourceAdapter (Base Class)"],"fullName":"Data Source Adapters DataSourceAdapter (Base Class) throws error when getSourceType is not implemented","status":"passed","title":"throws error when getSourceType is not implemented","duration":0.7620000000006257,"failureMessages":[],"meta":{}},{"ancestorTitles":["Data Source Adapters","CsvDataSource"],"fullName":"Data Source Adapters CsvDataSource returns correct source type","status":"passed","title":"returns correct source type","duration":0.7083999999995285,"failureMessages":[],"meta":{}},{"ancestorTitles":["Data Source Adapters","CsvDataSource"],"fullName":"Data Source Adapters CsvDataSource throws error when no input provided","status":"passed","title":"throws error when no input provided","duration":0.6549999999997453,"failureMessages":[],"meta":{}},{"ancestorTitles":["Data Source Adapters","CsvDataSource"],"fullName":"Data Source Adapters CsvDataSource parses simple CSV content","status":"passed","title":"parses simple CSV content","duration":6.630600000000413,"failureMessages":[],"meta":{}},{"ancestorTitles":["Data Source Adapters","JsonDataSource"],"fullName":"Data Source Adapters JsonDataSource returns correct source type","status":"passed","title":"returns correct source type","duration":0.5847000000003391,"failureMessages":[],"meta":{}},{"ancestorTitles":["Data Source Adapters","JsonDataSource"],"fullName":"Data Source Adapters JsonDataSource parses array of orders","status":"passed","title":"parses array of orders","duration":2.3677999999999884,"failureMessages":[],"meta":{}},{"ancestorTitles":["Data Source Adapters","JsonDataSource"],"fullName":"Data Source Adapters JsonDataSource parses broker response with orders property","status":"passed","title":"parses broker response with orders property","duration":0.7084999999997308,"failureMessages":[],"meta":{}},{"ancestorTitles":["Data Source Adapters","JsonDataSource"],"fullName":"Data Source Adapters JsonDataSource parses JSON string","status":"passed","title":"parses JSON string","duration":1.4874999999992724,"failureMessages":[],"meta":{}},{"ancestorTitles":["Data Source Adapters","JsonDataSource"],"fullName":"Data Source Adapters JsonDataSource throws error for invalid JSON string","status":"passed","title":"throws error for invalid JSON string","duration":0.8789999999999054,"failureMessages":[],"meta":{}},{"ancestorTitles":["Data Source Adapters","JsonDataSource"],"fullName":"Data Source Adapters JsonDataSource throws error for non-array data without orders property","status":"passed","title":"throws error for non-array data without orders property","duration":0.602100000000064,"failureMessages":[],"meta":{}},{"ancestorTitles":["Data Source Adapters","JsonDataSource"],"fullName":"Data Source Adapters JsonDataSource normalizes side values correctly","status":"passed","title":"normalizes side values correctly","duration":0.9149999999999636,"failureMessages":[],"meta":{}},{"ancestorTitles":["Data Source Adapters","JsonDataSource"],"fullName":"Data Source Adapters JsonDataSource parses numeric values correctly","status":"passed","title":"parses numeric values correctly","duration":0.8429999999998472,"failureMessages":[],"meta":{}},{"ancestorTitles":["Data Source Adapters","JsonDataSource"],"fullName":"Data Source Adapters JsonDataSource extracts symbol from various formats","status":"passed","title":"extracts symbol from various formats","duration":0.7960999999995693,"failureMessages":[],"meta":{}},{"ancestorTitles":["Data Source Adapters","JsonDataSource"],"fullName":"Data Source Adapters JsonDataSource includes metadata about row count and thresholds","status":"passed","title":"includes metadata about row count and thresholds","duration":1.8605999999999767,"failureMessages":[],"meta":{}},{"ancestorTitles":["Data Source Adapters","JsonDataSource"],"fullName":"Data Source Adapters JsonDataSource truncates data when MAX_ROWS exceeded","status":"passed","title":"truncates data when MAX_ROWS exceeded","duration":313.6095000000005,"failureMessages":[],"meta":{}},{"ancestorTitles":["Data Source Adapters","MockDataSource"],"fullName":"Data Source Adapters MockDataSource returns correct source type","status":"passed","title":"returns correct source type","duration":0.44900000000052387,"failureMessages":[],"meta":{}},{"ancestorTitles":["Data Source Adapters","MockDataSource"],"fullName":"Data Source Adapters MockDataSource returns constructor-provided mock rows","status":"passed","title":"returns constructor-provided mock rows","duration":1.8748999999997977,"failureMessages":[],"meta":{}},{"ancestorTitles":["Data Source Adapters","MockDataSource"],"fullName":"Data Source Adapters MockDataSource accepts array input to override mock rows","status":"passed","title":"accepts array input to override mock rows","duration":0.4614000000001397,"failureMessages":[],"meta":{}},{"ancestorTitles":["Data Source Adapters","MockDataSource"],"fullName":"Data Source Adapters MockDataSource allows setting mock rows after construction","status":"passed","title":"allows setting mock rows after construction","duration":0.40160000000014406,"failureMessages":[],"meta":{}},{"ancestorTitles":["Data Source Adapters","MockDataSource"],"fullName":"Data Source Adapters MockDataSource allows setting mock metadata","status":"passed","title":"allows setting mock metadata","duration":0.41460000000006403,"failureMessages":[],"meta":{}},{"ancestorTitles":["Data Source Adapters","MockDataSource"],"fullName":"Data Source Adapters MockDataSource merges config.meta with mock metadata","status":"passed","title":"merges config.meta with mock metadata","duration":0.36300000000028376,"failureMessages":[],"meta":{}},{"ancestorTitles":["Data Source Adapters","MockDataSource"],"fullName":"Data Source Adapters MockDataSource returns empty array when no mock data provided","status":"passed","title":"returns empty array when no mock data provided","duration":0.5416999999997643,"failureMessages":[],"meta":{}},{"ancestorTitles":["Data Source Adapters","Integration between adapters"],"fullName":"Data Source Adapters Integration between adapters all adapters implement required interface","status":"passed","title":"all adapters implement required interface","duration":1.1679000000003725,"failureMessages":[],"meta":{}},{"ancestorTitles":["Data Source Adapters","Integration between adapters"],"fullName":"Data Source Adapters Integration between adapters each adapter returns unique source type","status":"passed","title":"each adapter returns unique source type","duration":0.3265000000001237,"failureMessages":[],"meta":{}}],"startTime":1761264571354,"endTime":1761264571705.3264,"status":"passed","message":"","name":"C:/git/procesador-opciones-2/frontend/tests/unit/data-sources.spec.js"}]}